# JRE version: OpenJDK Runtime Environment (11.0.15) (build 11.0.15+0-b2043.56-8887301)
# Java VM: OpenJDK 64-Bit Server VM (11.0.15+0-b2043.56-8887301, mixed mode, tiered, compressed oops, g1 gc, windows-amd64)
Heap:
 garbage-first heap   total 380928K, used 71159K [0x0000000702800000, 0x0000000800000000)
  region size 1024K, 17 young (17408K), 17 survivors (17408K)
 Metaspace       used 92038K, capacity 93291K, committed 93440K, reserved 1132544K
  class space    used 9248K, capacity 9697K, committed 9728K, reserved 1048576K
GC Heap History (19 events):
Event: 0.293 GC heap before
{Heap before GC invocations=0 (full 0):
 garbage-first heap   total 260096K, used 28672K [0x0000000702800000, 0x0000000800000000)
  region size 1024K, 24 young (24576K), 0 survivors (0K)
 Metaspace       used 11835K, capacity 11986K, committed 12160K, reserved 1060864K
  class space    used 1082K, capacity 1141K, committed 1152K, reserved 1048576K
}
Event: 0.295 GC heap after
{Heap after GC invocations=1 (full 0):
 garbage-first heap   total 260096K, used 6642K [0x0000000702800000, 0x0000000800000000)
  region size 1024K, 3 young (3072K), 3 survivors (3072K)
 Metaspace       used 11835K, capacity 11986K, committed 12160K, reserved 1060864K
  class space    used 1082K, capacity 1141K, committed 1152K, reserved 1048576K
}
Event: 0.653 GC heap before
{Heap before GC invocations=1 (full 0):
 garbage-first heap   total 260096K, used 47602K [0x0000000702800000, 0x0000000800000000)
  region size 1024K, 44 young (45056K), 3 survivors (3072K)
 Metaspace       used 20958K, capacity 21168K, committed 21248K, reserved 1069056K
  class space    used 2187K, capacity 2274K, committed 2304K, reserved 1048576K
}
Event: 0.661 GC heap after
{Heap after GC invocations=2 (full 0):
 garbage-first heap   total 260096K, used 10383K [0x0000000702800000, 0x0000000800000000)
  region size 1024K, 7 young (7168K), 7 survivors (7168K)
 Metaspace       used 20958K, capacity 21168K, committed 21248K, reserved 1069056K
  class space    used 2187K, capacity 2274K, committed 2304K, reserved 1048576K
}
Event: 1.214 GC heap before
{Heap before GC invocations=3 (full 0):
 garbage-first heap   total 260096K, used 73871K [0x0000000702800000, 0x0000000800000000)
  region size 1024K, 63 young (64512K), 7 survivors (7168K)
 Metaspace       used 34319K, capacity 34765K, committed 34944K, reserved 1079296K
  class space    used 4226K, capacity 4413K, committed 4480K, reserved 1048576K
}
Event: 1.222 GC heap after
{Heap after GC invocations=4 (full 0):
 garbage-first heap   total 260096K, used 23403K [0x0000000702800000, 0x0000000800000000)
  region size 1024K, 8 young (8192K), 8 survivors (8192K)
 Metaspace       used 34319K, capacity 34765K, committed 34944K, reserved 1079296K
  class space    used 4226K, capacity 4413K, committed 4480K, reserved 1048576K
}
Event: 1.254 GC heap before
{Heap before GC invocations=4 (full 0):
 garbage-first heap   total 260096K, used 26475K [0x0000000702800000, 0x0000000800000000)
  region size 1024K, 12 young (12288K), 8 survivors (8192K)
 Metaspace       used 35278K, capacity 35693K, committed 35840K, reserved 1081344K
  class space    used 4322K, capacity 4509K, committed 4608K, reserved 1048576K
}
Event: 1.258 GC heap after
{Heap after GC invocations=5 (full 0):
 garbage-first heap   total 260096K, used 23883K [0x0000000702800000, 0x0000000800000000)
  region size 1024K, 9 young (9216K), 9 survivors (9216K)
 Metaspace       used 35278K, capacity 35693K, committed 35840K, reserved 1081344K
  class space    used 4322K, capacity 4509K, committed 4608K, reserved 1048576K
}
Event: 1.567 GC heap before
{Heap before GC invocations=6 (full 0):
 garbage-first heap   total 260096K, used 63819K [0x0000000702800000, 0x0000000800000000)
  region size 1024K, 48 young (49152K), 9 survivors (9216K)
 Metaspace       used 42823K, capacity 43294K, committed 43392K, reserved 1087488K
  class space    used 5024K, capacity 5227K, committed 5248K, reserved 1048576K
}
Event: 1.572 GC heap after
{Heap after GC invocations=7 (full 0):
 garbage-first heap   total 260096K, used 26486K [0x0000000702800000, 0x0000000800000000)
  region size 1024K, 6 young (6144K), 6 survivors (6144K)
 Metaspace       used 42823K, capacity 43294K, committed 43392K, reserved 1087488K
  class space    used 5024K, capacity 5227K, committed 5248K, reserved 1048576K
}
Event: 2.481 GC heap before
{Heap before GC invocations=7 (full 0):
 garbage-first heap   total 260096K, used 124790K [0x0000000702800000, 0x0000000800000000)
  region size 1024K, 100 young (102400K), 6 survivors (6144K)
 Metaspace       used 55044K, capacity 55638K, committed 55936K, reserved 1099776K
  class space    used 6210K, capacity 6481K, committed 6528K, reserved 1048576K
}
Event: 2.488 GC heap after
{Heap after GC invocations=8 (full 0):
 garbage-first heap   total 312320K, used 37429K [0x0000000702800000, 0x0000000800000000)
  region size 1024K, 13 young (13312K), 13 survivors (13312K)
 Metaspace       used 55044K, capacity 55638K, committed 55936K, reserved 1099776K
  class space    used 6210K, capacity 6481K, committed 6528K, reserved 1048576K
}
Event: 2.838 GC heap before
{Heap before GC invocations=8 (full 0):
 garbage-first heap   total 312320K, used 60981K [0x0000000702800000, 0x0000000800000000)
  region size 1024K, 37 young (37888K), 13 survivors (13312K)
 Metaspace       used 59455K, capacity 60122K, committed 60160K, reserved 1101824K
  class space    used 6738K, capacity 7036K, committed 7040K, reserved 1048576K
}
Event: 2.856 GC heap after
{Heap after GC invocations=9 (full 0):
 garbage-first heap   total 312320K, used 41580K [0x0000000702800000, 0x0000000800000000)
  region size 1024K, 13 young (13312K), 13 survivors (13312K)
 Metaspace       used 59455K, capacity 60122K, committed 60160K, reserved 1101824K
  class space    used 6738K, capacity 7036K, committed 7040K, reserved 1048576K
}
Event: 4.459 GC heap before
{Heap before GC invocations=10 (full 0):
 garbage-first heap   total 312320K, used 149100K [0x0000000702800000, 0x0000000800000000)
  region size 1024K, 116 young (118784K), 13 survivors (13312K)
 Metaspace       used 67307K, capacity 68461K, committed 68736K, reserved 1110016K
  class space    used 7288K, capacity 7708K, committed 7808K, reserved 1048576K
}
Event: 4.471 GC heap after
{Heap after GC invocations=11 (full 0):
 garbage-first heap   total 312320K, used 52864K [0x0000000702800000, 0x0000000800000000)
  region size 1024K, 13 young (13312K), 13 survivors (13312K)
 Metaspace       used 67307K, capacity 68461K, committed 68736K, reserved 1110016K
  class space    used 7288K, capacity 7708K, committed 7808K, reserved 1048576K
}
Event: 5.935 GC heap before
{Heap before GC invocations=11 (full 0):
 garbage-first heap   total 312320K, used 181888K [0x0000000702800000, 0x0000000800000000)
  region size 1024K, 140 young (143360K), 13 survivors (13312K)
 Metaspace       used 85137K, capacity 86327K, committed 86400K, reserved 1126400K
  class space    used 8831K, capacity 9275K, committed 9344K, reserved 1048576K
}
Event: 5.945 GC heap after
{Heap after GC invocations=12 (full 0):
 garbage-first heap   total 312320K, used 62668K [0x0000000702800000, 0x0000000800000000)
  region size 1024K, 18 young (18432K), 18 survivors (18432K)
 Metaspace       used 85137K, capacity 86327K, committed 86400K, reserved 1126400K
  class space    used 8831K, capacity 9275K, committed 9344K, reserved 1048576K
}
Event: 7.173 GC heap before
{Heap before GC invocations=12 (full 0):
 garbage-first heap   total 312320K, used 193740K [0x0000000702800000, 0x0000000800000000)
  region size 1024K, 147 young (150528K), 18 survivors (18432K)
 Metaspace       used 92038K, capacity 93291K, committed 93440K, reserved 1132544K
  class space    used 9248K, capacity 9697K, committed 9728K, reserved 1048576K
}

