# JRE version: OpenJDK Runtime Environment (11.0.15) (build 11.0.15+0-b2043.56-8887301)
# Java VM: OpenJDK 64-Bit Server VM (11.0.15+0-b2043.56-8887301, mixed mode, tiered, compressed oops, g1 gc, windows-amd64)
Heap:
 garbage-first heap   total 559104K, used 208253K [0x0000000080000000, 0x0000000100000000)
  region size 1024K, 5 young (5120K), 5 survivors (5120K)
 Metaspace       used 149578K, capacity 156220K, committed 156444K, reserved 1183744K
  class space    used 19657K, capacity 22438K, committed 22476K, reserved 1048576K
GC Heap History (20 events):
Event: 28.058 GC heap after
{Heap after GC invocations=71 (full 0):
 garbage-first heap   total 260096K, used 221613K [0x0000000080000000, 0x0000000100000000)
  region size 1024K, 2 young (2048K), 2 survivors (2048K)
 Metaspace       used 138317K, capacity 142643K, committed 142748K, reserved 1173504K
  class space    used 17378K, capacity 19009K, committed 19020K, reserved 1048576K
}
Event: 28.091 GC heap before
{Heap before GC invocations=71 (full 0):
 garbage-first heap   total 260096K, used 230829K [0x0000000080000000, 0x0000000100000000)
  region size 1024K, 12 young (12288K), 2 survivors (2048K)
 Metaspace       used 138348K, capacity 142644K, committed 142748K, reserved 1173504K
  class space    used 17378K, capacity 19009K, committed 19020K, reserved 1048576K
}
Event: 28.093 GC heap after
{Heap after GC invocations=72 (full 0):
 garbage-first heap   total 260096K, used 223919K [0x0000000080000000, 0x0000000100000000)
  region size 1024K, 2 young (2048K), 2 survivors (2048K)
 Metaspace       used 138348K, capacity 142644K, committed 142748K, reserved 1173504K
  class space    used 17378K, capacity 19009K, committed 19020K, reserved 1048576K
}
Event: 28.242 GC heap before
{Heap before GC invocations=72 (full 0):
 garbage-first heap   total 260096K, used 233135K [0x0000000080000000, 0x0000000100000000)
  region size 1024K, 12 young (12288K), 2 survivors (2048K)
 Metaspace       used 138757K, capacity 143138K, committed 143388K, reserved 1173504K
  class space    used 17436K, capacity 19104K, committed 19148K, reserved 1048576K
}
Event: 28.244 GC heap after
{Heap after GC invocations=73 (full 0):
 garbage-first heap   total 260096K, used 224119K [0x0000000080000000, 0x0000000100000000)
  region size 1024K, 1 young (1024K), 1 survivors (1024K)
 Metaspace       used 138757K, capacity 143138K, committed 143388K, reserved 1173504K
  class space    used 17436K, capacity 19104K, committed 19148K, reserved 1048576K
}
Event: 28.261 GC heap before
{Heap before GC invocations=73 (full 0):
 garbage-first heap   total 260096K, used 227191K [0x0000000080000000, 0x0000000100000000)
  region size 1024K, 5 young (5120K), 1 survivors (1024K)
 Metaspace       used 138832K, capacity 143266K, committed 143388K, reserved 1173504K
  class space    used 17442K, capacity 19104K, committed 19148K, reserved 1048576K
}
Event: 28.263 GC heap after
{Heap after GC invocations=74 (full 0):
 garbage-first heap   total 260096K, used 224114K [0x0000000080000000, 0x0000000100000000)
  region size 1024K, 1 young (1024K), 1 survivors (1024K)
 Metaspace       used 138832K, capacity 143266K, committed 143388K, reserved 1173504K
  class space    used 17442K, capacity 19104K, committed 19148K, reserved 1048576K
}
Event: 28.330 GC heap before
{Heap before GC invocations=74 (full 0):
 garbage-first heap   total 260096K, used 237426K [0x0000000080000000, 0x0000000100000000)
  region size 1024K, 12 young (12288K), 1 survivors (1024K)
 Metaspace       used 139410K, capacity 143876K, committed 144028K, reserved 1173504K
  class space    used 17542K, capacity 19233K, committed 19276K, reserved 1048576K
}
Event: 28.333 GC heap after
{Heap after GC invocations=75 (full 0):
 garbage-first heap   total 260096K, used 225355K [0x0000000080000000, 0x0000000100000000)
  region size 1024K, 2 young (2048K), 2 survivors (2048K)
 Metaspace       used 139410K, capacity 143876K, committed 144028K, reserved 1173504K
  class space    used 17542K, capacity 19233K, committed 19276K, reserved 1048576K
}
Event: 28.390 GC heap before
{Heap before GC invocations=75 (full 0):
 garbage-first heap   total 260096K, used 231289K [0x0000000080000000, 0x0000000100000000)
  region size 1024K, 12 young (12288K), 2 survivors (2048K)
 Metaspace       used 139779K, capacity 144358K, committed 144668K, reserved 1175552K
  class space    used 17601K, capacity 19305K, committed 19404K, reserved 1048576K
}
Event: 28.392 GC heap after
{Heap after GC invocations=76 (full 0):
 garbage-first heap   total 260096K, used 221739K [0x0000000080000000, 0x0000000100000000)
  region size 1024K, 1 young (1024K), 1 survivors (1024K)
 Metaspace       used 139779K, capacity 144358K, committed 144668K, reserved 1175552K
  class space    used 17601K, capacity 19305K, committed 19404K, reserved 1048576K
}
Event: 28.410 GC heap before
{Heap before GC invocations=76 (full 0):
 garbage-first heap   total 260096K, used 233003K [0x0000000080000000, 0x0000000100000000)
  region size 1024K, 12 young (12288K), 1 survivors (1024K)
 Metaspace       used 139793K, capacity 144360K, committed 144668K, reserved 1175552K
  class space    used 17601K, capacity 19305K, committed 19404K, reserved 1048576K
}
Event: 28.414 GC heap after
{Heap after GC invocations=77 (full 0):
 garbage-first heap   total 312320K, used 222265K [0x0000000080000000, 0x0000000100000000)
  region size 1024K, 2 young (2048K), 2 survivors (2048K)
 Metaspace       used 139793K, capacity 144360K, committed 144668K, reserved 1175552K
  class space    used 17601K, capacity 19305K, committed 19404K, reserved 1048576K
}
Event: 28.565 GC heap before
{Heap before GC invocations=78 (full 0):
 garbage-first heap   total 312320K, used 246841K [0x0000000080000000, 0x0000000100000000)
  region size 1024K, 27 young (27648K), 2 survivors (2048K)
 Metaspace       used 141961K, capacity 146825K, committed 146844K, reserved 1177600K
  class space    used 17967K, capacity 19788K, committed 19788K, reserved 1048576K
}
Event: 28.568 GC heap after
{Heap after GC invocations=79 (full 0):
 garbage-first heap   total 312320K, used 225694K [0x0000000080000000, 0x0000000100000000)
  region size 1024K, 4 young (4096K), 4 survivors (4096K)
 Metaspace       used 141961K, capacity 146825K, committed 146844K, reserved 1177600K
  class space    used 17967K, capacity 19788K, committed 19788K, reserved 1048576K
}
Event: 28.640 GC heap before
{Heap before GC invocations=79 (full 0):
 garbage-first heap   total 312320K, used 236958K [0x0000000080000000, 0x0000000100000000)
  region size 1024K, 15 young (15360K), 4 survivors (4096K)
 Metaspace       used 143582K, capacity 148703K, committed 148892K, reserved 1177600K
  class space    used 18238K, capacity 20211K, committed 20300K, reserved 1048576K
}
Event: 28.648 GC heap after
{Heap after GC invocations=80 (full 0):
 garbage-first heap   total 312320K, used 203870K [0x0000000080000000, 0x0000000100000000)
  region size 1024K, 2 young (2048K), 2 survivors (2048K)
 Metaspace       used 143582K, capacity 148703K, committed 148892K, reserved 1177600K
  class space    used 18238K, capacity 20211K, committed 20300K, reserved 1048576K
}
Event: 28.670 GC heap before
{Heap before GC invocations=80 (full 0):
 garbage-first heap   total 312320K, used 217182K [0x0000000080000000, 0x0000000100000000)
  region size 1024K, 15 young (15360K), 2 survivors (2048K)
 Metaspace       used 144029K, capacity 149163K, committed 149404K, reserved 1179648K
  class space    used 18298K, capacity 20281K, committed 20300K, reserved 1048576K
}
Event: 28.677 GC heap after
{Heap after GC invocations=81 (full 0):
 garbage-first heap   total 312320K, used 203354K [0x0000000080000000, 0x0000000100000000)
  region size 1024K, 2 young (2048K), 2 survivors (2048K)
 Metaspace       used 144029K, capacity 149163K, committed 149404K, reserved 1179648K
  class space    used 18298K, capacity 20281K, committed 20300K, reserved 1048576K
}
Event: 28.874 GC heap before
{Heap before GC invocations=81 (full 0):
 garbage-first heap   total 312320K, used 238170K [0x0000000080000000, 0x0000000100000000)
  region size 1024K, 36 young (36864K), 2 survivors (2048K)
 Metaspace       used 149578K, capacity 156220K, committed 156444K, reserved 1183744K
  class space    used 19657K, capacity 22438K, committed 22476K, reserved 1048576K
}

