# JRE version: OpenJDK Runtime Environment (11.0.15) (build 11.0.15+0-b2043.56-8887301)
# Java VM: OpenJDK 64-Bit Server VM (11.0.15+0-b2043.56-8887301, mixed mode, tiered, compressed oops, g1 gc, windows-amd64)
Heap:
 garbage-first heap   total 312320K, used 55358K [0x0000000702800000, 0x0000000800000000)
  region size 1024K, 24 young (24576K), 9 survivors (9216K)
 Metaspace       used 61914K, capacity 62659K, committed 62848K, reserved 1105920K
  class space    used 6980K, capacity 7285K, committed 7296K, reserved 1048576K
GC Heap History (12 events):
Event: 0.413 GC heap before
{Heap before GC invocations=0 (full 0):
 garbage-first heap   total 260096K, used 28672K [0x0000000702800000, 0x0000000800000000)
  region size 1024K, 24 young (24576K), 0 survivors (0K)
 Metaspace       used 11749K, capacity 11890K, committed 12160K, reserved 1060864K
  class space    used 1068K, capacity 1109K, committed 1152K, reserved 1048576K
}
Event: 0.415 GC heap after
{Heap after GC invocations=1 (full 0):
 garbage-first heap   total 260096K, used 6561K [0x0000000702800000, 0x0000000800000000)
  region size 1024K, 3 young (3072K), 3 survivors (3072K)
 Metaspace       used 11749K, capacity 11890K, committed 12160K, reserved 1060864K
  class space    used 1068K, capacity 1109K, committed 1152K, reserved 1048576K
}
Event: 0.925 GC heap before
{Heap before GC invocations=1 (full 0):
 garbage-first heap   total 260096K, used 48545K [0x0000000702800000, 0x0000000800000000)
  region size 1024K, 45 young (46080K), 3 survivors (3072K)
 Metaspace       used 20951K, capacity 21168K, committed 21248K, reserved 1069056K
  class space    used 2187K, capacity 2274K, committed 2304K, reserved 1048576K
}
Event: 0.934 GC heap after
{Heap after GC invocations=2 (full 0):
 garbage-first heap   total 260096K, used 10435K [0x0000000702800000, 0x0000000800000000)
  region size 1024K, 7 young (7168K), 7 survivors (7168K)
 Metaspace       used 20951K, capacity 21168K, committed 21248K, reserved 1069056K
  class space    used 2187K, capacity 2274K, committed 2304K, reserved 1048576K
}
Event: 1.530 GC heap before
{Heap before GC invocations=3 (full 0):
 garbage-first heap   total 260096K, used 76995K [0x0000000702800000, 0x0000000800000000)
  region size 1024K, 67 young (68608K), 7 survivors (7168K)
 Metaspace       used 35280K, capacity 35693K, committed 35840K, reserved 1081344K
  class space    used 4322K, capacity 4509K, committed 4608K, reserved 1048576K
}
Event: 1.544 GC heap after
{Heap after GC invocations=4 (full 0):
 garbage-first heap   total 260096K, used 23456K [0x0000000702800000, 0x0000000800000000)
  region size 1024K, 9 young (9216K), 9 survivors (9216K)
 Metaspace       used 35280K, capacity 35693K, committed 35840K, reserved 1081344K
  class space    used 4322K, capacity 4509K, committed 4608K, reserved 1048576K
}
Event: 1.608 GC heap before
{Heap before GC invocations=5 (full 0):
 garbage-first heap   total 260096K, used 29600K [0x0000000702800000, 0x0000000800000000)
  region size 1024K, 15 young (15360K), 9 survivors (9216K)
 Metaspace       used 36546K, capacity 37037K, committed 37248K, reserved 1081344K
  class space    used 4461K, capacity 4637K, committed 4736K, reserved 1048576K
}
Event: 1.613 GC heap after
{Heap after GC invocations=6 (full 0):
 garbage-first heap   total 260096K, used 25666K [0x0000000702800000, 0x0000000800000000)
  region size 1024K, 2 young (2048K), 2 survivors (2048K)
 Metaspace       used 36546K, capacity 37037K, committed 37248K, reserved 1081344K
  class space    used 4461K, capacity 4637K, committed 4736K, reserved 1048576K
}
Event: 2.338 GC heap before
{Heap before GC invocations=6 (full 0):
 garbage-first heap   total 260096K, used 100418K [0x0000000702800000, 0x0000000800000000)
  region size 1024K, 72 young (73728K), 2 survivors (2048K)
 Metaspace       used 50476K, capacity 51005K, committed 51200K, reserved 1093632K
  class space    used 5837K, capacity 6065K, committed 6144K, reserved 1048576K
}
Event: 2.343 GC heap after
{Heap after GC invocations=7 (full 0):
 garbage-first heap   total 260096K, used 32579K [0x0000000702800000, 0x0000000800000000)
  region size 1024K, 9 young (9216K), 9 survivors (9216K)
 Metaspace       used 50476K, capacity 51005K, committed 51200K, reserved 1093632K
  class space    used 5837K, capacity 6065K, committed 6144K, reserved 1048576K
}
Event: 3.340 GC heap before
{Heap before GC invocations=7 (full 0):
 garbage-first heap   total 260096K, used 112451K [0x0000000702800000, 0x0000000800000000)
  region size 1024K, 88 young (90112K), 9 survivors (9216K)
 Metaspace       used 59456K, capacity 60122K, committed 60160K, reserved 1101824K
  class space    used 6729K, capacity 7036K, committed 7040K, reserved 1048576K
}
Event: 3.364 GC heap after
{Heap after GC invocations=8 (full 0):
 garbage-first heap   total 312320K, used 41022K [0x0000000702800000, 0x0000000800000000)
  region size 1024K, 9 young (9216K), 9 survivors (9216K)
 Metaspace       used 59456K, capacity 60122K, committed 60160K, reserved 1101824K
  class space    used 6729K, capacity 7036K, committed 7040K, reserved 1048576K
}

