# JRE version: OpenJDK Runtime Environment (11.0.15) (build 11.0.15+0-b2043.56-8887301)
# Java VM: OpenJDK 64-Bit Server VM (11.0.15+0-b2043.56-8887301, mixed mode, tiered, compressed oops, g1 gc, windows-amd64)
Heap:
 garbage-first heap   total 312320K, used 174428K [0x0000000702800000, 0x0000000800000000)
  region size 1024K, 138 young (141312K), 7 survivors (7168K)
 Metaspace       used 78824K, capacity 79671K, committed 79696K, reserved 1120256K
  class space    used 8340K, capacity 8686K, committed 8704K, reserved 1048576K
GC Heap History (14 events):
Event: 0.361 GC heap before
{Heap before GC invocations=0 (full 0):
 garbage-first heap   total 260096K, used 28672K [0x0000000702800000, 0x0000000800000000)
  region size 1024K, 24 young (24576K), 0 survivors (0K)
 Metaspace       used 11832K, capacity 11986K, committed 12160K, reserved 1060864K
  class space    used 1082K, capacity 1141K, committed 1152K, reserved 1048576K
}
Event: 0.363 GC heap after
{Heap after GC invocations=1 (full 0):
 garbage-first heap   total 260096K, used 6585K [0x0000000702800000, 0x0000000800000000)
  region size 1024K, 3 young (3072K), 3 survivors (3072K)
 Metaspace       used 11832K, capacity 11986K, committed 12160K, reserved 1060864K
  class space    used 1082K, capacity 1141K, committed 1152K, reserved 1048576K
}
Event: 0.712 GC heap before
{Heap before GC invocations=1 (full 0):
 garbage-first heap   total 260096K, used 45497K [0x0000000702800000, 0x0000000800000000)
  region size 1024K, 42 young (43008K), 3 survivors (3072K)
 Metaspace       used 20841K, capacity 21125K, committed 21296K, reserved 1069056K
  class space    used 2226K, capacity 2340K, committed 2432K, reserved 1048576K
}
Event: 0.719 GC heap after
{Heap after GC invocations=2 (full 0):
 garbage-first heap   total 260096K, used 10632K [0x0000000702800000, 0x0000000800000000)
  region size 1024K, 7 young (7168K), 7 survivors (7168K)
 Metaspace       used 20841K, capacity 21125K, committed 21296K, reserved 1069056K
  class space    used 2226K, capacity 2340K, committed 2432K, reserved 1048576K
}
Event: 1.241 GC heap before
{Heap before GC invocations=3 (full 0):
 garbage-first heap   total 260096K, used 75144K [0x0000000702800000, 0x0000000800000000)
  region size 1024K, 64 young (65536K), 7 survivors (7168K)
 Metaspace       used 33083K, capacity 33646K, committed 33712K, reserved 1079296K
  class space    used 3867K, capacity 4083K, committed 4096K, reserved 1048576K
}
Event: 1.248 GC heap after
{Heap after GC invocations=4 (full 0):
 garbage-first heap   total 260096K, used 23144K [0x0000000702800000, 0x0000000800000000)
  region size 1024K, 8 young (8192K), 8 survivors (8192K)
 Metaspace       used 33083K, capacity 33646K, committed 33712K, reserved 1079296K
  class space    used 3867K, capacity 4083K, committed 4096K, reserved 1048576K
}
Event: 1.305 GC heap before
{Heap before GC invocations=4 (full 0):
 garbage-first heap   total 260096K, used 29288K [0x0000000702800000, 0x0000000800000000)
  region size 1024K, 14 young (14336K), 8 survivors (8192K)
 Metaspace       used 33755K, capacity 34292K, committed 34608K, reserved 1079296K
  class space    used 3925K, capacity 4147K, committed 4224K, reserved 1048576K
}
Event: 1.309 GC heap after
{Heap after GC invocations=5 (full 0):
 garbage-first heap   total 260096K, used 24590K [0x0000000702800000, 0x0000000800000000)
  region size 1024K, 2 young (2048K), 2 survivors (2048K)
 Metaspace       used 33755K, capacity 34292K, committed 34608K, reserved 1079296K
  class space    used 3925K, capacity 4147K, committed 4224K, reserved 1048576K
}
Event: 1.370 GC heap before
{Heap before GC invocations=5 (full 0):
 garbage-first heap   total 260096K, used 28686K [0x0000000702800000, 0x0000000800000000)
  region size 1024K, 7 young (7168K), 2 survivors (2048K)
 Metaspace       used 35184K, capacity 35737K, committed 35920K, reserved 1081344K
  class space    used 4295K, capacity 4501K, committed 4608K, reserved 1048576K
}
Event: 1.372 GC heap after
{Heap after GC invocations=6 (full 0):
 garbage-first heap   total 312320K, used 23837K [0x0000000702800000, 0x0000000800000000)
  region size 1024K, 1 young (1024K), 1 survivors (1024K)
 Metaspace       used 35184K, capacity 35737K, committed 35920K, reserved 1081344K
  class space    used 4295K, capacity 4501K, committed 4608K, reserved 1048576K
}
Event: 2.209 GC heap before
{Heap before GC invocations=7 (full 0):
 garbage-first heap   total 312320K, used 135453K [0x0000000702800000, 0x0000000800000000)
  region size 1024K, 107 young (109568K), 1 survivors (1024K)
 Metaspace       used 50954K, capacity 51528K, committed 51792K, reserved 1095680K
  class space    used 5828K, capacity 6065K, committed 6144K, reserved 1048576K
}
Event: 2.216 GC heap after
{Heap after GC invocations=8 (full 0):
 garbage-first heap   total 312320K, used 35974K [0x0000000702800000, 0x0000000800000000)
  region size 1024K, 13 young (13312K), 13 survivors (13312K)
 Metaspace       used 50954K, capacity 51528K, committed 51792K, reserved 1095680K
  class space    used 5828K, capacity 6065K, committed 6144K, reserved 1048576K
}
Event: 2.837 GC heap before
{Heap before GC invocations=8 (full 0):
 garbage-first heap   total 312320K, used 94342K [0x0000000702800000, 0x0000000800000000)
  region size 1024K, 71 young (72704K), 13 survivors (13312K)
 Metaspace       used 59341K, capacity 60117K, committed 60240K, reserved 1101824K
  class space    used 6754K, capacity 7081K, committed 7168K, reserved 1048576K
}
Event: 2.859 GC heap after
{Heap after GC invocations=9 (full 0):
 garbage-first heap   total 312320K, used 41308K [0x0000000702800000, 0x0000000800000000)
  region size 1024K, 7 young (7168K), 7 survivors (7168K)
 Metaspace       used 59341K, capacity 60117K, committed 60240K, reserved 1101824K
  class space    used 6754K, capacity 7081K, committed 7168K, reserved 1048576K
}

